<?xml version="1.0" encoding="UTF-8"?>
<testng-results skipped="0" failed="0" ignored="0" total="1" passed="1">
  <reporter-output>
  </reporter-output>
  <suite name="Default suite" duration-ms="82" started-at="2022-11-01T10:11:15Z" finished-at="2022-11-01T10:11:15Z">
    <groups>
    </groups>
    <test name="Default test" duration-ms="82" started-at="2022-11-01T10:11:15Z" finished-at="2022-11-01T10:11:15Z">
      <class name="com.tests.Practice">
        <test-method status="PASS" signature="test01()[pri:0, instance:com.tests.Practice@5d47c63f]" name="test01" duration-ms="17" started-at="2022-11-01T10:11:15Z" finished-at="2022-11-01T10:11:15Z">
          <reporter-output>
          </reporter-output>
        </test-method> <!-- test01 -->
      </class> <!-- com.tests.Practice -->
    </test> <!-- Default test -->
  </suite> <!-- Default suite -->
</testng-results>
