<?xml version="1.0" encoding="UTF-8"?>
<testng-results skipped="0" failed="0" ignored="0" total="2" passed="2">
  <reporter-output>
  </reporter-output>
  <suite name="Default suite" duration-ms="120" started-at="2022-11-01T16:09:27Z" finished-at="2022-11-01T16:09:27Z">
    <groups>
    </groups>
    <test name="Default test" duration-ms="120" started-at="2022-11-01T16:09:27Z" finished-at="2022-11-01T16:09:27Z">
      <class name="com.tests.Practice">
        <test-method status="PASS" signature="test01()[pri:0, instance:com.tests.Practice@5d47c63f]" name="test01" duration-ms="16" started-at="2022-11-01T16:09:27Z" finished-at="2022-11-01T16:09:27Z">
          <reporter-output>
          </reporter-output>
        </test-method> <!-- test01 -->
        <test-method status="PASS" signature="test02()[pri:0, instance:com.tests.Practice@5d47c63f]" name="test02" duration-ms="2" started-at="2022-11-01T16:09:27Z" finished-at="2022-11-01T16:09:27Z">
          <reporter-output>
          </reporter-output>
        </test-method> <!-- test02 -->
      </class> <!-- com.tests.Practice -->
    </test> <!-- Default test -->
  </suite> <!-- Default suite -->
</testng-results>
